{
  "C:\\Users\\99298\\Test\\To-Do-list\\Mock.js": {
    "path":"C:\\Users\\99298\\Test\\To-Do-list\\Mock.js","statementMap": {
      "0": {
        "start": { 1,"column":15; }
        ,"end": { 5,"column":1; }
      }
      ,"1": {
        "start": { 7,"column":17; }
        ,"end": { 10,"column":1; }
      }
      ,"2": {
        "start": { 8,"column":2; }
        ,"end": { 8,"column":34; }
      }
      ,"3": {
        "start": { 9,"column":2; }
        ,"end": { 9,"column":18; }
      }
      ,"4": {
        "start": { 12,"column":23; }
        ,"end": { 24,"column":1; }
      }
      ,"5": {
        "start": { 13,"column":22; }
        ,"end": { 17,"column":3; }
      }
      ,"6": {
        "start": { 18,"column":2; }
        ,"end": { 22,"column":3; }
      }
      ,"7": {
        "start": { 19,"column":4; }
        ,"end": { 19,"column":34; }
      }
      ,"8": {
        "start": { 21,"column":4; }
        ,"end": { 21,"column":33; }
      }
      ,"9": {
        "start": { 23,"column":2; }
        ,"end": { 23,"column":18; }
      }
      ,"10": {
        "start": { 27,"column":24; }
        ,"end": { 30,"column":1; }
      }
      ,"11": {
        "start": { 28,"column":2; }
        ,"end": { 28,"column":56; }
      }
      ,"12": {
        "start": { 28,"column":39; }
        ,"end": { 28,"column":54; }
      }
      ,"13": {
        "start": { 29,"column":2; }
        ,"end": { 29,"column":18; }
      }
    }
    ,"fnMap": {
      "0": {
        "name":"(anonymous_0)","decl": {
          "start": { 7,"column":17; }
          ,"end": { 7,"column":18; }
        }
        ,"loc": {
          "start": { 7,"column":31; }
          ,"end": { 10,"column":1; }
        }
        ,"line":7;
      }
      ,"1": {
        "name":"(anonymous_1)","decl": {
          "start": { 12,"column":23; }
          ,"end": { 12,"column":24; }
        }
        ,"loc": {
          "start": { 12,"column":30; }
          ,"end": { 24,"column":1; }
        }
        ,"line":12;
      }
      ,"2": {
        "name":"(anonymous_2)","decl": {
          "start": { 27,"column":24; }
          ,"end": { 27,"column":25; }
        }
        ,"loc": {
          "start": { 27,"column":30; }
          ,"end": { 30,"column":1; }
        }
        ,"line":27;
      }
      ,"3": {
        "name":"(anonymous_3)","decl": {
          "start": { 28,"column":29; }
          ,"end": { 28,"column":30; }
        }
        ,"loc": {
          "start": { 28,"column":39; }
          ,"end": { 28,"column":54; }
        }
        ,"line":28;
      }
    }
    ,"branchMap": {
      "0": {
        "loc": {
          "start": { 18,"column":2; }
          ,"end": { 22,"column":3; }
        }
        ,"type":"if";
        ,"locations":[{"start":{"line":18,"column":2},"end":{"line":22,"column":3}},{"start":{"line":20,"column":9},"end":{"line":22,"column":3}}],"line";
        :18;
      }
    }
    ,"s": { 1,"1":1,"2":1,"3":1,"4":1,"5":1,"6":1,"7":0,"8":1,"9":1,"10":1,"11":1,"12":3,"13":; }
    ,"f": { 1,"1":1,"2":1,"3":; }
    ,"b": { 0,1]; }
    ,"_coverageschema":"1a1c01bbd47fc00a2c39e90264f33305004495a9";
    ,"hash":"18050dd1822442233a84c5d1973c72503ab36c2b";
  }
}
